
[info 2015/07/15 10:45:04.123 EDT twitterlocator1 <main> tid=0x1] Starting peer location for Distribution Locator on pivotal-guest-6-59.ny.pivotallabs.com[41111]

[info 2015/07/15 10:45:04.132 EDT twitterlocator1 <main> tid=0x1] Starting Distribution Locator on pivotal-guest-6-59.ny.pivotallabs.com[41111]

[info 2015/07/15 10:45:04.143 EDT twitterlocator1 <main> tid=0x1] Recovering state from locator41111state.dat

[info 2015/07/15 10:45:04.144 EDT twitterlocator1 <main> tid=0x1] Discovery set was written with GFE 8.1

[info 2015/07/15 10:45:04.145 EDT twitterlocator1 <main> tid=0x1] Initial discovery set is [mbr=pivotal-guest-6-59(server1:30953)<v48>:9354, mbr=pivotal-guest-6-59(locator:21293:locator)<v0>:13404]

[info 2015/07/15 10:45:04.147 EDT twitterlocator1 <main> tid=0x1] pivotal-guest-6-59.ny.pivotallabs.com [ 41,111 ] attempting to get state from  localhost [ 41,111 ]

[info 2015/07/15 10:45:05.161 EDT twitterlocator1 <main> tid=0x1] Starting distributed system

[info 2015/07/15 10:45:05.166 EDT twitterlocator1 <main> tid=0x1] Startup Configuration:
   ### GemFire Properties defined with system property ###
  enable-cluster-configuration=true
  load-cluster-configuration-from-dir=false
  ### GemFire Properties defined with api ###
  cache-xml-file=
  locators=localhost[41111],10.58.6.59[41111]
  name=twitterlocator1
  ### GemFire Properties defined with file:/Users/mross/Desktop/springsource/GemFire-Developer-8.0.a.RELEASE/server-bootstrap/scripts/gemfire.properties ###
  log-level=warning
  mcast-port=0
  ### GemFire Properties defined with launcher ###
  log-file=twitterlocator1.log
  ### GemFire Properties using default values ###
  ack-severe-alert-threshold=0
  ack-wait-threshold=15
  archive-disk-space-limit=0
  archive-file-size-limit=0
  async-distribution-timeout=0
  async-max-queue-size=8
  async-queue-timeout=60000
  bind-address=
  cluster-configuration-dir=/Users/mross/Desktop/springsource/GemFire-Developer-8.0.a.RELEASE/server-bootstrap/scripts/locator
  cluster-ssl-ciphers=any
  cluster-ssl-enabled=false
  cluster-ssl-keystore=
  cluster-ssl-keystore-password=
  cluster-ssl-keystore-type=
  cluster-ssl-protocols=any
  cluster-ssl-require-authentication=true
  cluster-ssl-truststore=
  cluster-ssl-truststore-password=
  conflate-events=server
  conserve-sockets=true
  delta-propagation=true
  deploy-working-dir=.
  disable-auto-reconnect=false
  disable-tcp=false
  distributed-system-id=-1
  durable-client-id=
  durable-client-timeout=300
  enable-network-partition-detection=false
  enable-time-statistics=false
  enforce-unique-host=false
  gateway-ssl-ciphers=any
  gateway-ssl-enabled=false
  gateway-ssl-keystore=
  gateway-ssl-keystore-password=
  gateway-ssl-keystore-type=
  gateway-ssl-protocols=any
  gateway-ssl-require-authentication=true
  gateway-ssl-truststore=
  gateway-ssl-truststore-password=
  groups=
  http-service-bind-address=
  http-service-port=7070
  http-service-ssl-ciphers=any
  http-service-ssl-enabled=false
  http-service-ssl-keystore=
  http-service-ssl-keystore-password=
  http-service-ssl-keystore-type=
  http-service-ssl-protocols=any
  http-service-ssl-require-authentication=false
  http-service-ssl-truststore=
  http-service-ssl-truststore-password=
  jmx-manager=true
  jmx-manager-access-file=
  jmx-manager-bind-address=
  jmx-manager-hostname-for-clients=
  jmx-manager-http-port=7070
  jmx-manager-password-file=
  jmx-manager-port=1099
  jmx-manager-ssl=false
  jmx-manager-ssl-ciphers=any
  jmx-manager-ssl-enabled=false
  jmx-manager-ssl-keystore=
  jmx-manager-ssl-keystore-password=
  jmx-manager-ssl-keystore-type=
  jmx-manager-ssl-protocols=any
  jmx-manager-ssl-require-authentication=true
  jmx-manager-ssl-truststore=
  jmx-manager-ssl-truststore-password=
  jmx-manager-start=false
  jmx-manager-update-rate=2000
  license-application-cache=
  license-data-management=
  license-server-timeout=10000
  license-working-dir=
  locator-wait-time=0
  log-disk-space-limit=0
  log-file-size-limit=0
  max-num-reconnect-tries=3
  max-wait-time-reconnect=60000
  mcast-address=239.192.81.1
  mcast-flow-control=1048576, 0.25, 5000
  mcast-recv-buffer-size=1048576
  mcast-send-buffer-size=65535
  mcast-ttl=32
  member-timeout=5000
  membership-port-range=1024-65535
  memcached-bind-address=
  memcached-port=0
  memcached-protocol=ASCII
  redundancy-zone=
  remote-locators=
  remove-unresponsive-client=false
  roles=
  security-=
  security-client-accessor=
  security-client-accessor-pp=
  security-client-auth-init=
  security-client-authenticator=
  security-client-dhalgo=
  security-log-file=
  security-log-level=config
  security-peer-auth-init=
  security-peer-authenticator=
  security-peer-verifymember-timeout=1000
  server-bind-address=
  server-ssl-ciphers=any
  server-ssl-enabled=false
  server-ssl-keystore=
  server-ssl-keystore-password=
  server-ssl-keystore-type=
  server-ssl-protocols=any
  server-ssl-require-authentication=true
  server-ssl-truststore=
  server-ssl-truststore-password=
  socket-buffer-size=32768
  socket-lease-time=60000
  ssl-ciphers=any
  ssl-enabled=false
  ssl-protocols=any
  ssl-require-authentication=true
  start-dev-rest-api=false
  start-locator=
  statistic-archive-file=
  statistic-sample-rate=1000
  statistic-sampling-enabled=true
  tcp-port=0
  udp-fragment-size=60000
  udp-recv-buffer-size=1048576
  udp-send-buffer-size=65535
  use-cluster-configuration=true
  user-command-packages=
  writable-working-dir=
  

[warning 2015/07/15 10:45:18.243 EDT twitterlocator1 <Pooled Message Processor 1> tid=0x53] Creating persistent region _ConfigurationRegion, but enable-network-partition-detection is set to false. Running with network partition detection disabled can lead to an unrecoverable system in the event of a network split.
